DEPRECATION WARNING: config.action_view.debug_rjs will be removed in 3.1, from 3.1 onwards you will need to install prototype-rails to continue to use RJS templates . (called from /Users/blake/Dropbox/Desktop/hobo_app/app/controllers/application_controller.rb:1)
DEPRECATION WARNING: config.action_view.debug_rjs will be removed in 3.1, from 3.1 onwards you will need to install prototype-rails to continue to use RJS templates . (called from /Users/blake/Dropbox/Desktop/hobo_app/app/controllers/application_controller.rb:1)
  [1m[36mSQL (0.3ms)[0m  [1m SELECT name
 FROM sqlite_master
 WHERE type = 'table' AND NOT name = 'sqlite_sequence'
[0m
  [1m[36mSQL (0.3ms)[0m  [1m SELECT name
 FROM sqlite_master
 WHERE type = 'table' AND NOT name = 'sqlite_sequence'
[0m
  [1m[35mSQL (0.1ms)[0m  select sqlite_version(*)
  [1m[36mSQL (2.2ms)[0m  [1mCREATE TABLE "schema_migrations" ("version" varchar(255) NOT NULL) [0m
  [1m[35mSQL (0.0ms)[0m  PRAGMA index_list("schema_migrations")
  [1m[36mSQL (0.8ms)[0m  [1mCREATE UNIQUE INDEX "unique_schema_migrations" ON "schema_migrations" ("version")[0m
  [1m[35mSQL (0.2ms)[0m   SELECT name
 FROM sqlite_master
 WHERE type = 'table' AND NOT name = 'sqlite_sequence'
  [1m[36mSQL (0.2ms)[0m  [1m SELECT name
 FROM sqlite_master
 WHERE type = 'table' AND NOT name = 'sqlite_sequence'
[0m
  [1m[35mSQL (0.1ms)[0m  SELECT "schema_migrations"."version" FROM "schema_migrations"
  [1m[36mSQL (0.2ms)[0m  [1m SELECT name
 FROM sqlite_master
 WHERE type = 'table' AND NOT name = 'sqlite_sequence'
[0m
  [1m[35mSQL (0.2ms)[0m   SELECT name
 FROM sqlite_master
 WHERE type = 'table' AND NOT name = 'sqlite_sequence'
DEPRECATION WARNING: config.action_view.debug_rjs will be removed in 3.1, from 3.1 onwards you will need to install prototype-rails to continue to use RJS templates . (called from /Users/blake/Dropbox/Desktop/hobo_app/app/controllers/application_controller.rb:1)
  [1m[36mSQL (0.4ms)[0m  [1m SELECT name
 FROM sqlite_master
 WHERE type = 'table' AND NOT name = 'sqlite_sequence'
[0m
  [1m[35mSQL (0.2ms)[0m   SELECT name
 FROM sqlite_master
 WHERE type = 'table' AND NOT name = 'sqlite_sequence'
  [1m[36mSQL (0.2ms)[0m  [1m SELECT name
 FROM sqlite_master
 WHERE type = 'table' AND NOT name = 'sqlite_sequence'
[0m
  [1m[35mSQL (0.2ms)[0m  SELECT "schema_migrations"."version" FROM "schema_migrations"
Migrating to InitialMigration (20120623022419)
  [1m[36mSQL (0.1ms)[0m  [1mselect sqlite_version(*)[0m
  [1m[35mSQL (0.8ms)[0m  CREATE TABLE "users" ("id" INTEGER PRIMARY KEY AUTOINCREMENT NOT NULL, "crypted_password" varchar(40), "salt" varchar(40), "remember_token" varchar(255), "remember_token_expires_at" datetime, "name" varchar(255), "email_address" varchar(255), "administrator" boolean DEFAULT 'f', "created_at" datetime, "updated_at" datetime, "state" varchar(255) DEFAULT 'inactive', "key_timestamp" datetime) 
  [1m[36mSQL (0.1ms)[0m  [1mPRAGMA index_list("users")[0m
  [1m[35mSQL (0.2ms)[0m  CREATE INDEX "index_users_on_state" ON "users" ("state")
  [1m[36mSQL (0.2ms)[0m  [1mINSERT INTO "schema_migrations" ("version") VALUES ('20120623022419')[0m
  [1m[35mSQL (0.1ms)[0m  select sqlite_version(*)
  [1m[36mSQL (0.5ms)[0m  [1m SELECT name
 FROM sqlite_master
 WHERE type = 'table' AND NOT name = 'sqlite_sequence'
[0m
  [1m[35mSQL (0.2ms)[0m  SELECT "schema_migrations"."version" FROM "schema_migrations"
  [1m[36mSQL (0.2ms)[0m  [1m SELECT name
 FROM sqlite_master
 WHERE type = 'table' AND NOT name = 'sqlite_sequence'
[0m
  [1m[35mSQL (0.1ms)[0m  PRAGMA index_list("users")
  [1m[36mSQL (0.1ms)[0m  [1mPRAGMA index_info('index_users_on_state')[0m
DEPRECATION WARNING: config.action_view.debug_rjs will be removed in 3.1, from 3.1 onwards you will need to install prototype-rails to continue to use RJS templates . (called from /Users/blake/Dropbox/Desktop/hobo_app/app/controllers/application_controller.rb:1)
  [1m[36mSQL (0.4ms)[0m  [1m SELECT name
 FROM sqlite_master
 WHERE type = 'table' AND NOT name = 'sqlite_sequence'
[0m


Started GET "/" for 127.0.0.1 at Fri Jun 22 22:25:16 -0400 2012
  Processing by FrontController#index as HTML
  DRYML: Compiled /Library/Ruby/Gems/1.8/gems/dryml-1.3.0/taglibs/core.dryml in 0.05s
  DRYML: Compiled app/views/taglibs/application.dryml in 0.00s
  DRYML: Compiled /Library/Ruby/Gems/1.8/gems/hobo-1.3.0/lib/hobo/rapid/taglibs/rapid_core.dryml in 0.24s
  DRYML: Compiled /Library/Ruby/Gems/1.8/gems/hobo-1.3.0/lib/hobo/rapid/taglibs/rapid_support.dryml in 0.01s
  DRYML: Compiled /Library/Ruby/Gems/1.8/gems/hobo-1.3.0/lib/hobo/rapid/taglibs/rapid_document_tags.dryml in 0.10s
  DRYML: Compiled /Library/Ruby/Gems/1.8/gems/hobo-1.3.0/lib/hobo/rapid/taglibs/rapid_pages.dryml in 0.23s
  DRYML: Compiled /Library/Ruby/Gems/1.8/gems/hobo-1.3.0/lib/hobo/rapid/taglibs/rapid_editing.dryml in 0.10s
  DRYML: Compiled /Library/Ruby/Gems/1.8/gems/hobo-1.3.0/lib/hobo/rapid/taglibs/rapid_forms.dryml in 0.44s
  DRYML: Compiled /Library/Ruby/Gems/1.8/gems/hobo-1.3.0/lib/hobo/rapid/taglibs/rapid_navigation.dryml in 0.09s
  DRYML: Compiled /Library/Ruby/Gems/1.8/gems/hobo-1.3.0/lib/hobo/rapid/taglibs/rapid_plus.dryml in 0.19s
  DRYML: Compiled /Library/Ruby/Gems/1.8/gems/hobo-1.3.0/lib/hobo/rapid/taglibs/rapid_generics.dryml in 0.02s
  DRYML: Compiled /Library/Ruby/Gems/1.8/gems/hobo-1.3.0/lib/hobo/rapid/taglibs/rapid_lifecycles.dryml in 0.08s
  DRYML: Compiled /Library/Ruby/Gems/1.8/gems/hobo-1.3.0/lib/hobo/rapid/taglibs/rapid_summary.dryml in 0.15s
  DRYML: Compiled /Library/Ruby/Gems/1.8/gems/hobo-1.3.0/lib/hobo/rapid/taglibs/rapid_user_pages.dryml in 0.34s
  DRYML: Compiled /Library/Ruby/Gems/1.8/gems/hobo-1.3.0/lib/hobo/rapid/taglibs/rapid_i18n.dryml in 0.02s
  DRYML: Compiled /Library/Ruby/Gems/1.8/gems/hobo-1.3.0/lib/hobo/rapid/taglibs/rapid.dryml in 2.14s
  DRYML: Compiled app/views/taglibs/auto/rapid/cards.dryml in 0.01s
  DRYML: Compiled app/views/taglibs/auto/rapid/pages.dryml in 0.30s
  DRYML: Compiled app/views/taglibs/auto/rapid/forms.dryml in 0.03s
  DRYML: Compiled app/views/taglibs/themes/clean/clean.dryml in 0.01s
  DRYML: Compiled app/views/taglibs/front_site.dryml in 2.52s
  DRYML: Compiled app/views/front/index.dryml in 2.67s
  [1m[35mUser Load (0.4ms)[0m  SELECT "users".* FROM "users" LIMIT 30
  [1m[36mSQL (0.2ms)[0m  [1mSELECT COUNT(*) FROM "users"[0m
  [1m[35mCACHE (0.0ms)[0m  SELECT COUNT(*) FROM "users"
  [1m[36mCACHE (0.0ms)[0m  [1mSELECT COUNT(*) FROM "users"[0m
  [1m[35mCACHE (0.0ms)[0m  SELECT COUNT(*) FROM "users"
  [1m[36mCACHE (0.0ms)[0m  [1mSELECT COUNT(*) FROM "users"[0m
  [1m[35mCACHE (0.0ms)[0m  SELECT COUNT(*) FROM "users"
  [1m[36mCACHE (0.0ms)[0m  [1mSELECT COUNT(*) FROM "users"[0m
  [1m[35mCACHE (0.0ms)[0m  SELECT COUNT(*) FROM "users"
  [1m[36mCACHE (0.0ms)[0m  [1mSELECT COUNT(*) FROM "users"[0m
  [1m[35mCACHE (0.0ms)[0m  SELECT COUNT(*) FROM "users"
Rendered front/index.dryml (3013.5ms)
Completed 200 OK in 3020ms (Views: 3015.5ms | ActiveRecord: 0.6ms)


Started POST "/users" for 127.0.0.1 at Fri Jun 22 22:25:36 -0400 2012
  [1m[36mSQL (0.4ms)[0m  [1m SELECT name
 FROM sqlite_master
 WHERE type = 'table' AND NOT name = 'sqlite_sequence'
[0m
  Processing by UsersController#create as HTML
  Parameters: {"user"=>{"password_confirmation"=>"[FILTERED]", "password"=>"[FILTERED]", "name"=>"Blake Elias", "email_address"=>"blakeelias@gmail.com"}, "page_path"=>"/", "authenticity_token"=>"u/DOSV+kFG18YkAafXJUlyhZhH63SIq4k46wu4q9ExU="}
  [1m[35mSQL (0.2ms)[0m  SELECT 1 FROM "users" WHERE ("users"."name" = 'Blake Elias') LIMIT 1
  [1m[36mSQL (0.1ms)[0m  [1mSELECT 1 FROM "users" WHERE (LOWER("users"."email_address") = LOWER('blakeelias@gmail.com')) LIMIT 1[0m
  [1m[35mSQL (0.1ms)[0m  SELECT COUNT(*) FROM "users"
  [1m[36mCACHE (0.0ms)[0m  [1mSELECT COUNT(*) FROM "users"[0m
  [1m[35mSQL (0.1ms)[0m   SELECT name
 FROM sqlite_master
 WHERE type = 'table' AND NOT name = 'sqlite_sequence'
  [1m[36mAREL (0.4ms)[0m  [1mINSERT INTO "users" ("created_at", "administrator", "remember_token", "key_timestamp", "remember_token_expires_at", "email_address", "updated_at", "crypted_password", "salt", "name", "state") VALUES ('2012-06-23 02:25:36.542656', 't', NULL, NULL, NULL, 'blakeelias@gmail.com', '2012-06-23 02:25:36.542656', 'eb7690ff41aea6ec80ede97b92d9076982bcd08e', 'ad384face2ffa14b08fc20bc77df1d8947467eeb', 'Blake Elias', 'active')[0m
Redirected to http://localhost:3000
Completed 302 Found in 38ms


Started GET "/" for 127.0.0.1 at Fri Jun 22 22:25:36 -0400 2012
  [1m[35mSQL (0.6ms)[0m   SELECT name
 FROM sqlite_master
 WHERE type = 'table' AND NOT name = 'sqlite_sequence'
  Processing by FrontController#index as HTML
  [1m[36mUser Load (0.3ms)[0m  [1mSELECT "users".* FROM "users" WHERE "users"."id" = 1 LIMIT 1[0m
  [1m[35mUser Load (0.3ms)[0m  SELECT "users".* FROM "users" LIMIT 30
  [1m[36mSQL (0.2ms)[0m  [1mSELECT COUNT(*) FROM "users"[0m
Rendered front/index.dryml (234.4ms)
Completed 200 OK in 241ms (Views: 237.2ms | ActiveRecord: 3.0ms)


Started GET "/users/1-blake-elias/account" for 127.0.0.1 at Fri Jun 22 22:25:54 -0400 2012
  [1m[35mSQL (0.4ms)[0m   SELECT name
 FROM sqlite_master
 WHERE type = 'table' AND NOT name = 'sqlite_sequence'
  Processing by UsersController#account as HTML
  Parameters: {"id"=>"1-blake-elias"}
  [1m[36mUser Load (0.4ms)[0m  [1mSELECT "users".* FROM "users" WHERE "users"."id" = 1 LIMIT 1[0m
  [1m[35mCACHE (0.0ms)[0m  SELECT "users".* FROM "users" WHERE "users"."id" = 1 LIMIT 1
  [1m[36mUser Load (0.3ms)[0m  [1mSELECT "users".* FROM "users" LIMIT 30[0m
Rendered controller: users; dryml-tag: account-page (142.2ms)
Completed 200 OK in 378ms (Views: 281.6ms | ActiveRecord: 1.1ms)


Started GET "/" for 127.0.0.1 at Fri Jun 22 22:25:57 -0400 2012
  [1m[35mSQL (0.5ms)[0m   SELECT name
 FROM sqlite_master
 WHERE type = 'table' AND NOT name = 'sqlite_sequence'
  Processing by FrontController#index as HTML
  [1m[36mUser Load (0.3ms)[0m  [1mSELECT "users".* FROM "users" WHERE "users"."id" = 1 LIMIT 1[0m
  [1m[35mUser Load (0.3ms)[0m  SELECT "users".* FROM "users" LIMIT 30
  [1m[36mSQL (0.2ms)[0m  [1mSELECT COUNT(*) FROM "users"[0m
Rendered front/index.dryml (262.2ms)
Completed 200 OK in 267ms (Views: 264.1ms | ActiveRecord: 1.3ms)


Started GET "/admin/users" for 127.0.0.1 at Fri Jun 22 22:26:02 -0400 2012
  [1m[35mSQL (0.4ms)[0m   SELECT name
 FROM sqlite_master
 WHERE type = 'table' AND NOT name = 'sqlite_sequence'
  Processing by Admin::UsersController#index as HTML
  [1m[36mUser Load (0.2ms)[0m  [1mSELECT "users".* FROM "users" WHERE "users"."id" = 1 LIMIT 1[0m
  [1m[35mUser Load (0.2ms)[0m  SELECT "users".* FROM "users" LIMIT 30 OFFSET 0
  [1m[36mCACHE (0.0ms)[0m  [1mSELECT "users".* FROM "users" LIMIT 30 OFFSET 0[0m
  DRYML: Compiled app/views/taglibs/auto/admin/rapid/cards.dryml in 0.08s
  DRYML: Compiled app/views/taglibs/auto/admin/rapid/pages.dryml in 0.26s
  DRYML: Compiled app/views/taglibs/auto/admin/rapid/forms.dryml in 0.12s
  DRYML: Compiled app/views/taglibs/admin_site.dryml in 0.60s
  DRYML: Compiled app/views/admin/users/index.dryml in 0.62s
  [1m[35mUser Load (0.3ms)[0m  SELECT "users".* FROM "users" LIMIT 30
  [1m[36mSQL (0.3ms)[0m  [1mSELECT COUNT(*) FROM "users"[0m
Rendered admin/users/index.dryml (689.6ms)
Completed 200 OK in 700ms (Views: 691.7ms | ActiveRecord: 1.5ms)


Started GET "/admin/users/1-blake-elias" for 127.0.0.1 at Fri Jun 22 22:26:10 -0400 2012
  [1m[35mSQL (0.4ms)[0m   SELECT name
 FROM sqlite_master
 WHERE type = 'table' AND NOT name = 'sqlite_sequence'
  Processing by Admin::UsersController#show as HTML
  Parameters: {"id"=>"1-blake-elias"}
  [1m[36mUser Load (0.3ms)[0m  [1mSELECT "users".* FROM "users" WHERE "users"."id" = 1 LIMIT 1[0m
  [1m[35mCACHE (0.0ms)[0m  SELECT "users".* FROM "users" WHERE "users"."id" = 1 LIMIT 1
  [1m[36mUser Load (0.3ms)[0m  [1mSELECT "users".* FROM "users" LIMIT 30[0m
Rendered controller: admin/users; dryml-tag: show-page (129.0ms)
Completed 200 OK in 262ms (Views: 246.5ms | ActiveRecord: 0.9ms)


Started GET "/" for 127.0.0.1 at Fri Jun 22 22:26:16 -0400 2012
  [1m[35mSQL (0.4ms)[0m   SELECT name
 FROM sqlite_master
 WHERE type = 'table' AND NOT name = 'sqlite_sequence'
  Processing by FrontController#index as HTML
  [1m[36mUser Load (0.2ms)[0m  [1mSELECT "users".* FROM "users" WHERE "users"."id" = 1 LIMIT 1[0m
  [1m[35mUser Load (0.3ms)[0m  SELECT "users".* FROM "users" LIMIT 30
  [1m[36mSQL (0.2ms)[0m  [1mSELECT COUNT(*) FROM "users"[0m
Rendered front/index.dryml (245.6ms)
Completed 200 OK in 250ms (Views: 247.7ms | ActiveRecord: 1.1ms)
DEPRECATION WARNING: config.action_view.debug_rjs will be removed in 3.1, from 3.1 onwards you will need to install prototype-rails to continue to use RJS templates . (called from /Users/blake/Dropbox/Desktop/hobo_app/app/controllers/application_controller.rb:1)
  [1m[36mSQL (0.4ms)[0m  [1m SELECT name
 FROM sqlite_master
 WHERE type = 'table' AND NOT name = 'sqlite_sequence'
[0m
  [1m[35mSQL (0.2ms)[0m   SELECT name
 FROM sqlite_master
 WHERE type = 'table' AND NOT name = 'sqlite_sequence'
  [1m[36mSQL (0.2ms)[0m  [1m SELECT name
 FROM sqlite_master
 WHERE type = 'table' AND NOT name = 'sqlite_sequence'
[0m
  [1m[35mSQL (0.2ms)[0m  SELECT "schema_migrations"."version" FROM "schema_migrations"
Migrating to InitialMigration (20120623022419)
  [1m[36mSQL (0.1ms)[0m  [1mselect sqlite_version(*)[0m
  [1m[35mSQL (0.5ms)[0m   SELECT name
 FROM sqlite_master
 WHERE type = 'table' AND NOT name = 'sqlite_sequence'
  [1m[36mSQL (0.2ms)[0m  [1mSELECT "schema_migrations"."version" FROM "schema_migrations"[0m
  [1m[35mSQL (0.2ms)[0m   SELECT name
 FROM sqlite_master
 WHERE type = 'table' AND NOT name = 'sqlite_sequence'
  [1m[36mSQL (0.1ms)[0m  [1mPRAGMA index_list("users")[0m
  [1m[35mSQL (0.1ms)[0m  PRAGMA index_info('index_users_on_state')
DEPRECATION WARNING: config.action_view.debug_rjs will be removed in 3.1, from 3.1 onwards you will need to install prototype-rails to continue to use RJS templates . (called from /Users/blake/Dropbox/Desktop/hobo_app/app/controllers/application_controller.rb:1)
  [1m[36mSQL (0.5ms)[0m  [1m SELECT name
 FROM sqlite_master
 WHERE type = 'table' AND NOT name = 'sqlite_sequence'
[0m


Started GET "/" for 127.0.0.1 at Fri Jun 22 22:26:59 -0400 2012
  Processing by FrontController#index as HTML
  [1m[35mSQL (0.4ms)[0m   SELECT name
 FROM sqlite_master
 WHERE type = 'table' AND NOT name = 'sqlite_sequence'
  [1m[36mUser Load (0.3ms)[0m  [1mSELECT "users".* FROM "users" WHERE "users"."id" = 1 LIMIT 1[0m
  DRYML: Compiled /Library/Ruby/Gems/1.8/gems/dryml-1.3.0/taglibs/core.dryml in 0.03s
  DRYML: Compiled app/views/taglibs/application.dryml in 0.00s
  DRYML: Compiled /Library/Ruby/Gems/1.8/gems/hobo-1.3.0/lib/hobo/rapid/taglibs/rapid_core.dryml in 0.23s
  DRYML: Compiled /Library/Ruby/Gems/1.8/gems/hobo-1.3.0/lib/hobo/rapid/taglibs/rapid_support.dryml in 0.01s
  DRYML: Compiled /Library/Ruby/Gems/1.8/gems/hobo-1.3.0/lib/hobo/rapid/taglibs/rapid_document_tags.dryml in 0.11s
  DRYML: Compiled /Library/Ruby/Gems/1.8/gems/hobo-1.3.0/lib/hobo/rapid/taglibs/rapid_pages.dryml in 0.24s
  DRYML: Compiled /Library/Ruby/Gems/1.8/gems/hobo-1.3.0/lib/hobo/rapid/taglibs/rapid_editing.dryml in 0.13s
  DRYML: Compiled /Library/Ruby/Gems/1.8/gems/hobo-1.3.0/lib/hobo/rapid/taglibs/rapid_forms.dryml in 0.44s
  DRYML: Compiled /Library/Ruby/Gems/1.8/gems/hobo-1.3.0/lib/hobo/rapid/taglibs/rapid_navigation.dryml in 0.10s
  DRYML: Compiled /Library/Ruby/Gems/1.8/gems/hobo-1.3.0/lib/hobo/rapid/taglibs/rapid_plus.dryml in 0.18s
  DRYML: Compiled /Library/Ruby/Gems/1.8/gems/hobo-1.3.0/lib/hobo/rapid/taglibs/rapid_generics.dryml in 0.02s
  DRYML: Compiled /Library/Ruby/Gems/1.8/gems/hobo-1.3.0/lib/hobo/rapid/taglibs/rapid_lifecycles.dryml in 0.10s
  DRYML: Compiled /Library/Ruby/Gems/1.8/gems/hobo-1.3.0/lib/hobo/rapid/taglibs/rapid_summary.dryml in 0.18s
  DRYML: Compiled /Library/Ruby/Gems/1.8/gems/hobo-1.3.0/lib/hobo/rapid/taglibs/rapid_user_pages.dryml in 0.33s
  DRYML: Compiled /Library/Ruby/Gems/1.8/gems/hobo-1.3.0/lib/hobo/rapid/taglibs/rapid_i18n.dryml in 0.01s
  DRYML: Compiled /Library/Ruby/Gems/1.8/gems/hobo-1.3.0/lib/hobo/rapid/taglibs/rapid.dryml in 2.10s
  DRYML: Compiled app/views/taglibs/auto/rapid/cards.dryml in 0.01s
  DRYML: Compiled app/views/taglibs/auto/rapid/pages.dryml in 0.30s
  DRYML: Compiled app/views/taglibs/auto/rapid/forms.dryml in 0.03s
  DRYML: Compiled app/views/taglibs/themes/clean/clean.dryml in 0.01s
  DRYML: Compiled app/views/taglibs/front_site.dryml in 2.58s
  DRYML: Compiled app/views/front/index.dryml in 2.70s
  [1m[35mUser Load (0.2ms)[0m  SELECT "users".* FROM "users" LIMIT 30
  [1m[36mSQL (0.2ms)[0m  [1mSELECT COUNT(*) FROM "users"[0m
Rendered front/index.dryml (2778.6ms)
Completed 200 OK in 2787ms (Views: 2780.3ms | ActiveRecord: 1.1ms)
DEPRECATION WARNING: config.action_view.debug_rjs will be removed in 3.1, from 3.1 onwards you will need to install prototype-rails to continue to use RJS templates . (called from /Users/blake/Dropbox/Desktop/hobo_app/app/controllers/application_controller.rb:1)
DEPRECATION WARNING: config.action_view.debug_rjs will be removed in 3.1, from 3.1 onwards you will need to install prototype-rails to continue to use RJS templates . (called from /Users/blake/Dropbox/Desktop/hobo_app/app/controllers/application_controller.rb:1)
DEPRECATION WARNING: config.action_view.debug_rjs will be removed in 3.1, from 3.1 onwards you will need to install prototype-rails to continue to use RJS templates . (called from /Users/blake/Dropbox/Desktop/hobo_app/app/controllers/application_controller.rb:1)
  [1m[36mSQL (0.4ms)[0m  [1m SELECT name
 FROM sqlite_master
 WHERE type = 'table' AND NOT name = 'sqlite_sequence'
[0m


Started GET "/" for 127.0.0.1 at Fri Jun 22 22:51:15 -0400 2012
  Processing by FrontController#index as HTML
  [1m[35mSQL (0.4ms)[0m   SELECT name
 FROM sqlite_master
 WHERE type = 'table' AND NOT name = 'sqlite_sequence'
  [1m[36mUser Load (0.7ms)[0m  [1mSELECT "users".* FROM "users" WHERE "users"."id" = 1 LIMIT 1[0m
  DRYML: Compiled /Library/Ruby/Gems/1.8/gems/dryml-1.3.0/taglibs/core.dryml in 0.03s
  DRYML: Compiled app/views/taglibs/application.dryml in 0.00s
  DRYML: Compiled /Library/Ruby/Gems/1.8/gems/hobo-1.3.0/lib/hobo/rapid/taglibs/rapid_core.dryml in 0.19s
  DRYML: Compiled /Library/Ruby/Gems/1.8/gems/hobo-1.3.0/lib/hobo/rapid/taglibs/rapid_support.dryml in 0.01s
  DRYML: Compiled /Library/Ruby/Gems/1.8/gems/hobo-1.3.0/lib/hobo/rapid/taglibs/rapid_document_tags.dryml in 0.07s
  DRYML: Compiled /Library/Ruby/Gems/1.8/gems/hobo-1.3.0/lib/hobo/rapid/taglibs/rapid_pages.dryml in 0.18s
  DRYML: Compiled /Library/Ruby/Gems/1.8/gems/hobo-1.3.0/lib/hobo/rapid/taglibs/rapid_editing.dryml in 0.10s
  DRYML: Compiled /Library/Ruby/Gems/1.8/gems/hobo-1.3.0/lib/hobo/rapid/taglibs/rapid_forms.dryml in 0.40s
  DRYML: Compiled /Library/Ruby/Gems/1.8/gems/hobo-1.3.0/lib/hobo/rapid/taglibs/rapid_navigation.dryml in 0.10s
  DRYML: Compiled /Library/Ruby/Gems/1.8/gems/hobo-1.3.0/lib/hobo/rapid/taglibs/rapid_plus.dryml in 0.17s
  DRYML: Compiled /Library/Ruby/Gems/1.8/gems/hobo-1.3.0/lib/hobo/rapid/taglibs/rapid_generics.dryml in 0.02s
  DRYML: Compiled /Library/Ruby/Gems/1.8/gems/hobo-1.3.0/lib/hobo/rapid/taglibs/rapid_lifecycles.dryml in 0.08s
  DRYML: Compiled /Library/Ruby/Gems/1.8/gems/hobo-1.3.0/lib/hobo/rapid/taglibs/rapid_summary.dryml in 0.12s
  DRYML: Compiled /Library/Ruby/Gems/1.8/gems/hobo-1.3.0/lib/hobo/rapid/taglibs/rapid_user_pages.dryml in 0.26s
  DRYML: Compiled /Library/Ruby/Gems/1.8/gems/hobo-1.3.0/lib/hobo/rapid/taglibs/rapid_i18n.dryml in 0.01s
  DRYML: Compiled /Library/Ruby/Gems/1.8/gems/hobo-1.3.0/lib/hobo/rapid/taglibs/rapid.dryml in 1.74s
  DRYML: Compiled app/views/taglibs/auto/rapid/cards.dryml in 0.01s
  DRYML: Compiled app/views/taglibs/auto/rapid/pages.dryml in 0.25s
  DRYML: Compiled app/views/taglibs/auto/rapid/forms.dryml in 0.03s
  DRYML: Compiled app/views/taglibs/themes/clean/clean.dryml in 0.01s
  DRYML: Compiled app/views/taglibs/front_site.dryml in 2.10s
  DRYML: Compiled app/views/front/index.dryml in 2.21s
  [1m[35mUser Load (0.2ms)[0m  SELECT "users".* FROM "users" LIMIT 30
  [1m[36mSQL (0.7ms)[0m  [1mSELECT COUNT(*) FROM "users"[0m
Rendered front/index.dryml (2334.3ms)
Completed 200 OK in 2343ms (Views: 2336.0ms | ActiveRecord: 2.1ms)
DEPRECATION WARNING: config.action_view.debug_rjs will be removed in 3.1, from 3.1 onwards you will need to install prototype-rails to continue to use RJS templates . (called from /Users/blake/schedula/app/controllers/application_controller.rb:1)
  [1m[36mSQL (0.4ms)[0m  [1m SELECT name
 FROM sqlite_master
 WHERE type = 'table' AND NOT name = 'sqlite_sequence'
[0m


Started GET "/" for 127.0.0.1 at Fri Jun 22 22:55:34 -0400 2012
  Processing by FrontController#index as HTML
  [1m[35mSQL (0.3ms)[0m   SELECT name
 FROM sqlite_master
 WHERE type = 'table' AND NOT name = 'sqlite_sequence'
  [1m[36mUser Load (0.2ms)[0m  [1mSELECT "users".* FROM "users" WHERE "users"."id" = 1 LIMIT 1[0m
  DRYML: Compiled /Library/Ruby/Gems/1.8/gems/dryml-1.3.0/taglibs/core.dryml in 0.03s
  DRYML: Compiled app/views/taglibs/application.dryml in 0.00s
  DRYML: Compiled /Library/Ruby/Gems/1.8/gems/hobo-1.3.0/lib/hobo/rapid/taglibs/rapid_core.dryml in 0.19s
  DRYML: Compiled /Library/Ruby/Gems/1.8/gems/hobo-1.3.0/lib/hobo/rapid/taglibs/rapid_support.dryml in 0.01s
  DRYML: Compiled /Library/Ruby/Gems/1.8/gems/hobo-1.3.0/lib/hobo/rapid/taglibs/rapid_document_tags.dryml in 0.08s
  DRYML: Compiled /Library/Ruby/Gems/1.8/gems/hobo-1.3.0/lib/hobo/rapid/taglibs/rapid_pages.dryml in 0.19s
  DRYML: Compiled /Library/Ruby/Gems/1.8/gems/hobo-1.3.0/lib/hobo/rapid/taglibs/rapid_editing.dryml in 0.10s
  DRYML: Compiled /Library/Ruby/Gems/1.8/gems/hobo-1.3.0/lib/hobo/rapid/taglibs/rapid_forms.dryml in 0.35s
  DRYML: Compiled /Library/Ruby/Gems/1.8/gems/hobo-1.3.0/lib/hobo/rapid/taglibs/rapid_navigation.dryml in 0.09s
  DRYML: Compiled /Library/Ruby/Gems/1.8/gems/hobo-1.3.0/lib/hobo/rapid/taglibs/rapid_plus.dryml in 0.19s
  DRYML: Compiled /Library/Ruby/Gems/1.8/gems/hobo-1.3.0/lib/hobo/rapid/taglibs/rapid_generics.dryml in 0.02s
  DRYML: Compiled /Library/Ruby/Gems/1.8/gems/hobo-1.3.0/lib/hobo/rapid/taglibs/rapid_lifecycles.dryml in 0.06s
  DRYML: Compiled /Library/Ruby/Gems/1.8/gems/hobo-1.3.0/lib/hobo/rapid/taglibs/rapid_summary.dryml in 0.13s
  DRYML: Compiled /Library/Ruby/Gems/1.8/gems/hobo-1.3.0/lib/hobo/rapid/taglibs/rapid_user_pages.dryml in 0.28s
  DRYML: Compiled /Library/Ruby/Gems/1.8/gems/hobo-1.3.0/lib/hobo/rapid/taglibs/rapid_i18n.dryml in 0.01s
  DRYML: Compiled /Library/Ruby/Gems/1.8/gems/hobo-1.3.0/lib/hobo/rapid/taglibs/rapid.dryml in 1.72s
  DRYML: Compiled app/views/taglibs/auto/rapid/cards.dryml in 0.01s
  DRYML: Compiled app/views/taglibs/auto/rapid/pages.dryml in 0.28s
  DRYML: Compiled app/views/taglibs/auto/rapid/forms.dryml in 0.03s
  DRYML: Compiled app/views/taglibs/themes/clean/clean.dryml in 0.07s
  DRYML: Compiled app/views/taglibs/front_site.dryml in 2.17s
  DRYML: Compiled app/views/front/index.dryml in 2.28s
  [1m[35mUser Load (0.2ms)[0m  SELECT "users".* FROM "users" LIMIT 30
  [1m[36mSQL (0.2ms)[0m  [1mSELECT COUNT(*) FROM "users"[0m
Rendered front/index.dryml (2348.7ms)
Completed 200 OK in 2355ms (Views: 2350.0ms | ActiveRecord: 0.9ms)
DEPRECATION WARNING: config.action_view.debug_rjs will be removed in 3.1, from 3.1 onwards you will need to install prototype-rails to continue to use RJS templates . (called from /Users/acarrillo/schedula/app/controllers/application_controller.rb:1)
  [1m[36mSQL (0.4ms)[0m  [1m SELECT name
 FROM sqlite_master
 WHERE type = 'table' AND NOT name = 'sqlite_sequence'
[0m
DEPRECATION WARNING: config.action_view.debug_rjs will be removed in 3.1, from 3.1 onwards you will need to install prototype-rails to continue to use RJS templates . (called from /Users/acarrillo/schedula/app/controllers/application_controller.rb:1)
  [1m[36mSQL (0.3ms)[0m  [1m SELECT name
 FROM sqlite_master
 WHERE type = 'table' AND NOT name = 'sqlite_sequence'
[0m


Started GET "/" for 24.90.159.118 at Fri Jun 22 23:06:30 -0400 2012
  Processing by FrontController#index as HTML
  DRYML: Compiled /Library/Ruby/Gems/1.8/gems/dryml-1.3.0/taglibs/core.dryml in 0.03s
  DRYML: Compiled app/views/taglibs/application.dryml in 0.00s
  DRYML: Compiled /Library/Ruby/Gems/1.8/gems/hobo-1.3.0/lib/hobo/rapid/taglibs/rapid_core.dryml in 0.18s
  DRYML: Compiled /Library/Ruby/Gems/1.8/gems/hobo-1.3.0/lib/hobo/rapid/taglibs/rapid_support.dryml in 0.01s
  DRYML: Compiled /Library/Ruby/Gems/1.8/gems/hobo-1.3.0/lib/hobo/rapid/taglibs/rapid_document_tags.dryml in 0.07s
  DRYML: Compiled /Library/Ruby/Gems/1.8/gems/hobo-1.3.0/lib/hobo/rapid/taglibs/rapid_pages.dryml in 0.18s
  DRYML: Compiled /Library/Ruby/Gems/1.8/gems/hobo-1.3.0/lib/hobo/rapid/taglibs/rapid_editing.dryml in 0.09s
  DRYML: Compiled /Library/Ruby/Gems/1.8/gems/hobo-1.3.0/lib/hobo/rapid/taglibs/rapid_forms.dryml in 0.34s
  DRYML: Compiled /Library/Ruby/Gems/1.8/gems/hobo-1.3.0/lib/hobo/rapid/taglibs/rapid_navigation.dryml in 0.08s
  DRYML: Compiled /Library/Ruby/Gems/1.8/gems/hobo-1.3.0/lib/hobo/rapid/taglibs/rapid_plus.dryml in 0.16s
  DRYML: Compiled /Library/Ruby/Gems/1.8/gems/hobo-1.3.0/lib/hobo/rapid/taglibs/rapid_generics.dryml in 0.02s
  DRYML: Compiled /Library/Ruby/Gems/1.8/gems/hobo-1.3.0/lib/hobo/rapid/taglibs/rapid_lifecycles.dryml in 0.07s
  DRYML: Compiled /Library/Ruby/Gems/1.8/gems/hobo-1.3.0/lib/hobo/rapid/taglibs/rapid_summary.dryml in 0.12s
  DRYML: Compiled /Library/Ruby/Gems/1.8/gems/hobo-1.3.0/lib/hobo/rapid/taglibs/rapid_user_pages.dryml in 0.26s
  DRYML: Compiled /Library/Ruby/Gems/1.8/gems/hobo-1.3.0/lib/hobo/rapid/taglibs/rapid_i18n.dryml in 0.01s
  DRYML: Compiled /Library/Ruby/Gems/1.8/gems/hobo-1.3.0/lib/hobo/rapid/taglibs/rapid.dryml in 1.64s
  DRYML: Compiled app/views/taglibs/auto/rapid/cards.dryml in 0.01s
  DRYML: Compiled app/views/taglibs/auto/rapid/pages.dryml in 0.29s
  DRYML: Compiled app/views/taglibs/auto/rapid/forms.dryml in 0.04s
  DRYML: Compiled app/views/taglibs/themes/clean/clean.dryml in 0.01s
  DRYML: Compiled app/views/taglibs/front_site.dryml in 2.00s
  DRYML: Compiled app/views/front/index.dryml in 2.10s
  [1m[35mUser Load (0.4ms)[0m  SELECT "users".* FROM "users" LIMIT 30
  [1m[36mSQL (0.2ms)[0m  [1mSELECT COUNT(*) FROM "users"[0m
Rendered front/index.dryml (2237.5ms)
Completed 200 OK in 2241ms (Views: 2238.8ms | ActiveRecord: 0.6ms)


Started GET "/" for 192.168.1.1 at Fri Jun 22 23:06:47 -0400 2012
  [1m[35mSQL (0.4ms)[0m   SELECT name
 FROM sqlite_master
 WHERE type = 'table' AND NOT name = 'sqlite_sequence'
  Processing by FrontController#index as HTML
  [1m[36mUser Load (0.3ms)[0m  [1mSELECT "users".* FROM "users" LIMIT 30[0m
  [1m[35mSQL (0.2ms)[0m  SELECT COUNT(*) FROM "users"
Rendered front/index.dryml (221.1ms)
Completed 200 OK in 225ms (Views: 222.7ms | ActiveRecord: 0.9ms)


Started GET "/dev/set_current_user?login=blakeelias%40gmail.com" for 24.90.159.118 at Fri Jun 22 23:07:07 -0400 2012
  [1m[36mSQL (0.3ms)[0m  [1m SELECT name
 FROM sqlite_master
 WHERE type = 'table' AND NOT name = 'sqlite_sequence'
[0m
  Processing by DevController#set_current_user as HTML
  Parameters: {"login"=>"blakeelias@gmail.com"}
  [1m[35mSQL (0.2ms)[0m   SELECT name
 FROM sqlite_master
 WHERE type = 'table' AND NOT name = 'sqlite_sequence'
  [1m[36mUser Load (0.2ms)[0m  [1mSELECT "users".* FROM "users" WHERE "users"."email_address" = 'blakeelias@gmail.com' LIMIT 1[0m
Redirected to http://207.38.220.55:3003/
Completed 302 Found in 14ms


Started GET "/" for 24.90.159.118 at Fri Jun 22 23:07:08 -0400 2012
  [1m[35mSQL (0.3ms)[0m   SELECT name
 FROM sqlite_master
 WHERE type = 'table' AND NOT name = 'sqlite_sequence'
  Processing by FrontController#index as HTML
  [1m[36mUser Load (0.2ms)[0m  [1mSELECT "users".* FROM "users" WHERE "users"."id" = 1 LIMIT 1[0m
  [1m[35mUser Load (0.2ms)[0m  SELECT "users".* FROM "users" LIMIT 30
  [1m[36mSQL (0.2ms)[0m  [1mSELECT COUNT(*) FROM "users"[0m
Rendered front/index.dryml (130.3ms)
Completed 200 OK in 134ms (Views: 131.7ms | ActiveRecord: 1.7ms)
DEPRECATION WARNING: config.action_view.debug_rjs will be removed in 3.1, from 3.1 onwards you will need to install prototype-rails to continue to use RJS templates . (called from /Users/acarrillo/schedula/app/controllers/application_controller.rb:1)
  [1m[36mSQL (0.4ms)[0m  [1m SELECT name
 FROM sqlite_master
 WHERE type = 'table' AND NOT name = 'sqlite_sequence'
[0m


Started GET "/" for 10.69.10.220 at Sat Jun 23 10:29:00 -0400 2012
  Processing by FrontController#index as HTML
  DRYML: Compiled /Library/Ruby/Gems/1.8/gems/dryml-1.3.0/taglibs/core.dryml in 0.03s
  DRYML: Compiled app/views/taglibs/application.dryml in 0.00s
  DRYML: Compiled /Library/Ruby/Gems/1.8/gems/hobo-1.3.0/lib/hobo/rapid/taglibs/rapid_core.dryml in 0.18s
  DRYML: Compiled /Library/Ruby/Gems/1.8/gems/hobo-1.3.0/lib/hobo/rapid/taglibs/rapid_support.dryml in 0.01s
  DRYML: Compiled /Library/Ruby/Gems/1.8/gems/hobo-1.3.0/lib/hobo/rapid/taglibs/rapid_document_tags.dryml in 0.07s
  DRYML: Compiled /Library/Ruby/Gems/1.8/gems/hobo-1.3.0/lib/hobo/rapid/taglibs/rapid_pages.dryml in 0.18s
  DRYML: Compiled /Library/Ruby/Gems/1.8/gems/hobo-1.3.0/lib/hobo/rapid/taglibs/rapid_editing.dryml in 0.09s
  DRYML: Compiled /Library/Ruby/Gems/1.8/gems/hobo-1.3.0/lib/hobo/rapid/taglibs/rapid_forms.dryml in 0.34s
  DRYML: Compiled /Library/Ruby/Gems/1.8/gems/hobo-1.3.0/lib/hobo/rapid/taglibs/rapid_navigation.dryml in 0.08s
  DRYML: Compiled /Library/Ruby/Gems/1.8/gems/hobo-1.3.0/lib/hobo/rapid/taglibs/rapid_plus.dryml in 0.16s
  DRYML: Compiled /Library/Ruby/Gems/1.8/gems/hobo-1.3.0/lib/hobo/rapid/taglibs/rapid_generics.dryml in 0.02s
  DRYML: Compiled /Library/Ruby/Gems/1.8/gems/hobo-1.3.0/lib/hobo/rapid/taglibs/rapid_lifecycles.dryml in 0.07s
  DRYML: Compiled /Library/Ruby/Gems/1.8/gems/hobo-1.3.0/lib/hobo/rapid/taglibs/rapid_summary.dryml in 0.11s
  DRYML: Compiled /Library/Ruby/Gems/1.8/gems/hobo-1.3.0/lib/hobo/rapid/taglibs/rapid_user_pages.dryml in 0.26s
  DRYML: Compiled /Library/Ruby/Gems/1.8/gems/hobo-1.3.0/lib/hobo/rapid/taglibs/rapid_i18n.dryml in 0.01s
  DRYML: Compiled /Library/Ruby/Gems/1.8/gems/hobo-1.3.0/lib/hobo/rapid/taglibs/rapid.dryml in 1.65s
  DRYML: Compiled app/views/taglibs/auto/rapid/cards.dryml in 0.01s
  DRYML: Compiled app/views/taglibs/auto/rapid/pages.dryml in 0.24s
  DRYML: Compiled app/views/taglibs/auto/rapid/forms.dryml in 0.03s
  DRYML: Compiled app/views/taglibs/themes/clean/clean.dryml in 0.01s
  DRYML: Compiled app/views/taglibs/front_site.dryml in 1.95s
  DRYML: Compiled app/views/front/index.dryml in 2.05s
  [1m[35mUser Load (2.3ms)[0m  SELECT "users".* FROM "users" LIMIT 30
  [1m[36mSQL (0.7ms)[0m  [1mSELECT COUNT(*) FROM "users"[0m
Rendered front/index.dryml (2158.0ms)
Completed 200 OK in 2163ms (Views: 2157.4ms | ActiveRecord: 3.0ms)
DEPRECATION WARNING: config.action_view.debug_rjs will be removed in 3.1, from 3.1 onwards you will need to install prototype-rails to continue to use RJS templates . (called from /Users/blake/schedula/app/controllers/application_controller.rb:1)
  [1m[36mSQL (0.3ms)[0m  [1m SELECT name
 FROM sqlite_master
 WHERE type = 'table' AND NOT name = 'sqlite_sequence'
[0m


Started GET "/projects" for 10.69.11.251 at Sat Jun 23 12:19:16 -0400 2012

ActionController::RoutingError (No route matches "/projects"):
  

Rendered /Library/Ruby/Gems/1.8/gems/actionpack-3.0.15/lib/action_dispatch/middleware/templates/rescues/routing_error.erb within rescues/layout (1.2ms)


Started GET "/projects" for 10.69.11.251 at Sat Jun 23 12:19:19 -0400 2012
  [1m[35mSQL (0.3ms)[0m   SELECT name
 FROM sqlite_master
 WHERE type = 'table' AND NOT name = 'sqlite_sequence'

ActionController::RoutingError (No route matches "/projects"):
  

Rendered /Library/Ruby/Gems/1.8/gems/actionpack-3.0.15/lib/action_dispatch/middleware/templates/rescues/routing_error.erb within rescues/layout (0.7ms)


Started GET "/" for 10.69.11.251 at Sat Jun 23 12:19:21 -0400 2012
  [1m[36mSQL (0.3ms)[0m  [1m SELECT name
 FROM sqlite_master
 WHERE type = 'table' AND NOT name = 'sqlite_sequence'
[0m
  Processing by FrontController#index as HTML
  [1m[35mSQL (0.2ms)[0m   SELECT name
 FROM sqlite_master
 WHERE type = 'table' AND NOT name = 'sqlite_sequence'
  [1m[36mUser Load (0.2ms)[0m  [1mSELECT "users".* FROM "users" WHERE "users"."id" = 1 LIMIT 1[0m
  DRYML: Compiled /Library/Ruby/Gems/1.8/gems/dryml-1.3.0/taglibs/core.dryml in 0.08s
  DRYML: Compiled app/views/taglibs/application.dryml in 0.00s
  DRYML: Compiled /Library/Ruby/Gems/1.8/gems/hobo-1.3.0/lib/hobo/rapid/taglibs/rapid_core.dryml in 0.18s
  DRYML: Compiled /Library/Ruby/Gems/1.8/gems/hobo-1.3.0/lib/hobo/rapid/taglibs/rapid_support.dryml in 0.01s
  DRYML: Compiled /Library/Ruby/Gems/1.8/gems/hobo-1.3.0/lib/hobo/rapid/taglibs/rapid_document_tags.dryml in 0.07s
  DRYML: Compiled /Library/Ruby/Gems/1.8/gems/hobo-1.3.0/lib/hobo/rapid/taglibs/rapid_pages.dryml in 0.19s
  DRYML: Compiled /Library/Ruby/Gems/1.8/gems/hobo-1.3.0/lib/hobo/rapid/taglibs/rapid_editing.dryml in 0.10s
  DRYML: Compiled /Library/Ruby/Gems/1.8/gems/hobo-1.3.0/lib/hobo/rapid/taglibs/rapid_forms.dryml in 0.40s
  DRYML: Compiled /Library/Ruby/Gems/1.8/gems/hobo-1.3.0/lib/hobo/rapid/taglibs/rapid_navigation.dryml in 0.08s
  DRYML: Compiled /Library/Ruby/Gems/1.8/gems/hobo-1.3.0/lib/hobo/rapid/taglibs/rapid_plus.dryml in 0.11s
  DRYML: Compiled /Library/Ruby/Gems/1.8/gems/hobo-1.3.0/lib/hobo/rapid/taglibs/rapid_generics.dryml in 0.09s
  DRYML: Compiled /Library/Ruby/Gems/1.8/gems/hobo-1.3.0/lib/hobo/rapid/taglibs/rapid_lifecycles.dryml in 0.01s
  DRYML: Compiled /Library/Ruby/Gems/1.8/gems/hobo-1.3.0/lib/hobo/rapid/taglibs/rapid_summary.dryml in 0.12s
  DRYML: Compiled /Library/Ruby/Gems/1.8/gems/hobo-1.3.0/lib/hobo/rapid/taglibs/rapid_user_pages.dryml in 0.26s
  DRYML: Compiled /Library/Ruby/Gems/1.8/gems/hobo-1.3.0/lib/hobo/rapid/taglibs/rapid_i18n.dryml in 0.01s
  DRYML: Compiled /Library/Ruby/Gems/1.8/gems/hobo-1.3.0/lib/hobo/rapid/taglibs/rapid.dryml in 1.65s
  DRYML: Compiled app/views/taglibs/auto/rapid/cards.dryml in 0.01s
  DRYML: Compiled app/views/taglibs/auto/rapid/pages.dryml in 0.19s
  DRYML: Compiled app/views/taglibs/auto/rapid/forms.dryml in 0.09s
  DRYML: Compiled app/views/taglibs/themes/clean/clean.dryml in 0.01s
  DRYML: Compiled app/views/taglibs/front_site.dryml in 2.01s
  DRYML: Compiled app/views/front/index.dryml in 2.10s
  [1m[35mUser Load (0.2ms)[0m  SELECT "users".* FROM "users" LIMIT 30
  [1m[36mSQL (0.2ms)[0m  [1mSELECT COUNT(*) FROM "users"[0m
Rendered front/index.dryml (2155.3ms)
Completed 200 OK in 2162ms (Views: 2157.0ms | ActiveRecord: 1.5ms)
DEPRECATION WARNING: config.action_view.debug_rjs will be removed in 3.1, from 3.1 onwards you will need to install prototype-rails to continue to use RJS templates . (called from /Users/blake/schedula/app/controllers/application_controller.rb:1)
  [1m[36mSQL (0.4ms)[0m  [1m SELECT name
 FROM sqlite_master
 WHERE type = 'table' AND NOT name = 'sqlite_sequence'
[0m


Started GET "/" for 10.69.11.251 at Sat Jun 23 12:19:41 -0400 2012
  Processing by FrontController#index as HTML
  [1m[35mSQL (0.3ms)[0m   SELECT name
 FROM sqlite_master
 WHERE type = 'table' AND NOT name = 'sqlite_sequence'
  [1m[36mUser Load (0.2ms)[0m  [1mSELECT "users".* FROM "users" WHERE "users"."id" = 1 LIMIT 1[0m
  DRYML: Compiled /Library/Ruby/Gems/1.8/gems/dryml-1.3.0/taglibs/core.dryml in 0.03s
  DRYML: Compiled app/views/taglibs/application.dryml in 0.00s
  DRYML: Compiled /Library/Ruby/Gems/1.8/gems/hobo-1.3.0/lib/hobo/rapid/taglibs/rapid_core.dryml in 0.19s
  DRYML: Compiled /Library/Ruby/Gems/1.8/gems/hobo-1.3.0/lib/hobo/rapid/taglibs/rapid_support.dryml in 0.01s
  DRYML: Compiled /Library/Ruby/Gems/1.8/gems/hobo-1.3.0/lib/hobo/rapid/taglibs/rapid_document_tags.dryml in 0.08s
  DRYML: Compiled /Library/Ruby/Gems/1.8/gems/hobo-1.3.0/lib/hobo/rapid/taglibs/rapid_pages.dryml in 0.19s
  DRYML: Compiled /Library/Ruby/Gems/1.8/gems/hobo-1.3.0/lib/hobo/rapid/taglibs/rapid_editing.dryml in 0.09s
  DRYML: Compiled /Library/Ruby/Gems/1.8/gems/hobo-1.3.0/lib/hobo/rapid/taglibs/rapid_forms.dryml in 0.37s
  DRYML: Compiled /Library/Ruby/Gems/1.8/gems/hobo-1.3.0/lib/hobo/rapid/taglibs/rapid_navigation.dryml in 0.09s
  DRYML: Compiled /Library/Ruby/Gems/1.8/gems/hobo-1.3.0/lib/hobo/rapid/taglibs/rapid_plus.dryml in 0.16s
  DRYML: Compiled /Library/Ruby/Gems/1.8/gems/hobo-1.3.0/lib/hobo/rapid/taglibs/rapid_generics.dryml in 0.02s
  DRYML: Compiled /Library/Ruby/Gems/1.8/gems/hobo-1.3.0/lib/hobo/rapid/taglibs/rapid_lifecycles.dryml in 0.07s
  DRYML: Compiled /Library/Ruby/Gems/1.8/gems/hobo-1.3.0/lib/hobo/rapid/taglibs/rapid_summary.dryml in 0.12s
  DRYML: Compiled /Library/Ruby/Gems/1.8/gems/hobo-1.3.0/lib/hobo/rapid/taglibs/rapid_user_pages.dryml in 0.27s
  DRYML: Compiled /Library/Ruby/Gems/1.8/gems/hobo-1.3.0/lib/hobo/rapid/taglibs/rapid_i18n.dryml in 0.01s
  DRYML: Compiled /Library/Ruby/Gems/1.8/gems/hobo-1.3.0/lib/hobo/rapid/taglibs/rapid.dryml in 1.73s
  DRYML: Compiled app/views/taglibs/auto/rapid/cards.dryml in 0.01s
  DRYML: Compiled app/views/taglibs/auto/rapid/pages.dryml in 0.25s
  DRYML: Compiled app/views/taglibs/auto/rapid/forms.dryml in 0.03s
  DRYML: Compiled app/views/taglibs/themes/clean/clean.dryml in 0.01s
  DRYML: Compiled app/views/taglibs/front_site.dryml in 2.03s
  DRYML: Compiled app/views/front/index.dryml in 2.13s
  [1m[35mUser Load (0.2ms)[0m  SELECT "users".* FROM "users" LIMIT 30
  [1m[36mSQL (0.2ms)[0m  [1mSELECT COUNT(*) FROM "users"[0m
Rendered front/index.dryml (2242.5ms)
Completed 200 OK in 2248ms (Views: 2244.0ms | ActiveRecord: 0.9ms)


Started GET "/users/1-blake-elias/account" for 10.69.11.251 at Sat Jun 23 12:19:48 -0400 2012
  [1m[35mSQL (0.3ms)[0m   SELECT name
 FROM sqlite_master
 WHERE type = 'table' AND NOT name = 'sqlite_sequence'
  Processing by UsersController#account as HTML
  Parameters: {"id"=>"1-blake-elias"}
  [1m[36mUser Load (0.2ms)[0m  [1mSELECT "users".* FROM "users" WHERE "users"."id" = 1 LIMIT 1[0m
  [1m[35mCACHE (0.0ms)[0m  SELECT "users".* FROM "users" WHERE "users"."id" = 1 LIMIT 1
  [1m[36mUser Load (0.2ms)[0m  [1mSELECT "users".* FROM "users" LIMIT 30[0m
Rendered controller: users; dryml-tag: account-page (179.0ms)
Completed 200 OK in 293ms (Views: 281.7ms | ActiveRecord: 0.7ms)


Started POST "/users/1-blake-elias" for 10.69.11.251 at Sat Jun 23 12:19:59 -0400 2012
  [1m[35mSQL (0.5ms)[0m   SELECT name
 FROM sqlite_master
 WHERE type = 'table' AND NOT name = 'sqlite_sequence'
  Processing by UsersController#update as HTML
  Parameters: {"authenticity_token"=>"42EfDrVS24YyZv14niqUsnaOWFcmjdRTvxMx81t8mug=", "user"=>{"email_address"=>"blakeelias@gmail.com", "password"=>"[FILTERED]", "password_confirmation"=>"[FILTERED]", "current_password"=>"[FILTERED]"}, "id"=>"1-blake-elias", "page_path"=>"/users/1-blake-elias/account"}
  [1m[36mUser Load (0.2ms)[0m  [1mSELECT "users".* FROM "users" WHERE "users"."id" = 1 LIMIT 1[0m
  [1m[35mCACHE (0.0ms)[0m  SELECT "users".* FROM "users" WHERE "users"."id" = 1 LIMIT 1
  [1m[36mSQL (0.1ms)[0m  [1mSELECT 1 FROM "users" WHERE ("users"."name" = 'Blake Elias') AND ("users".id <> 1) LIMIT 1[0m
  [1m[35mSQL (0.1ms)[0m  SELECT 1 FROM "users" WHERE (LOWER("users"."email_address") = LOWER('blakeelias@gmail.com')) AND ("users".id <> 1) LIMIT 1
  [1m[36mUser Load (0.2ms)[0m  [1mSELECT "users".* FROM "users" LIMIT 30[0m
Rendered controller: users; dryml-tag: account-page (187.5ms)
Completed 200 OK in 324ms (Views: 295.1ms | ActiveRecord: 1.1ms)


Started POST "/users/1-blake-elias" for 10.69.11.251 at Sat Jun 23 12:20:11 -0400 2012
  [1m[35mSQL (0.3ms)[0m   SELECT name
 FROM sqlite_master
 WHERE type = 'table' AND NOT name = 'sqlite_sequence'
  Processing by UsersController#update as HTML
  Parameters: {"authenticity_token"=>"42EfDrVS24YyZv14niqUsnaOWFcmjdRTvxMx81t8mug=", "user"=>{"email_address"=>"blakeelias@gmail.com", "password"=>"[FILTERED]", "password_confirmation"=>"[FILTERED]", "current_password"=>"[FILTERED]"}, "id"=>"1-blake-elias", "page_path"=>"/users/1-blake-elias/account"}
  [1m[36mUser Load (0.2ms)[0m  [1mSELECT "users".* FROM "users" WHERE "users"."id" = 1 LIMIT 1[0m
  [1m[35mCACHE (0.0ms)[0m  SELECT "users".* FROM "users" WHERE "users"."id" = 1 LIMIT 1
  [1m[36mSQL (0.1ms)[0m  [1mSELECT 1 FROM "users" WHERE ("users"."name" = 'Blake Elias') AND ("users".id <> 1) LIMIT 1[0m
  [1m[35mSQL (0.1ms)[0m  SELECT 1 FROM "users" WHERE (LOWER("users"."email_address") = LOWER('blakeelias@gmail.com')) AND ("users".id <> 1) LIMIT 1
  [1m[36mAREL (0.3ms)[0m  [1mUPDATE "users" SET "updated_at" = '2012-06-23 16:20:12.111680', "crypted_password" = '41282e6eb3899f0baa8db490cfc436a4b711df62' WHERE "users"."id" = 1[0m
Redirected to http://10.69.11.251:3001/users/1-blake-elias
Completed 302 Found in 23ms


Started GET "/users/1-blake-elias" for 10.69.11.251 at Sat Jun 23 12:20:12 -0400 2012
  [1m[35mSQL (0.3ms)[0m   SELECT name
 FROM sqlite_master
 WHERE type = 'table' AND NOT name = 'sqlite_sequence'
  Processing by UsersController#show as HTML
  Parameters: {"id"=>"1-blake-elias"}
  [1m[36mUser Load (0.2ms)[0m  [1mSELECT "users".* FROM "users" WHERE "users"."id" = 1 LIMIT 1[0m
  [1m[35mCACHE (0.0ms)[0m  SELECT "users".* FROM "users" WHERE "users"."id" = 1 LIMIT 1
  [1m[36mUser Load (0.2ms)[0m  [1mSELECT "users".* FROM "users" LIMIT 30[0m
Rendered controller: users; dryml-tag: show-page (103.7ms)
Completed 200 OK in 220ms (Views: 209.4ms | ActiveRecord: 1.8ms)


Started GET "/logout" for 10.69.11.251 at Sat Jun 23 12:20:23 -0400 2012
  [1m[35mSQL (0.4ms)[0m   SELECT name
 FROM sqlite_master
 WHERE type = 'table' AND NOT name = 'sqlite_sequence'
  Processing by UsersController#logout as HTML
  [1m[36mUser Load (0.2ms)[0m  [1mSELECT "users".* FROM "users" WHERE "users"."id" = 1 LIMIT 1[0m
  [1m[35mSQL (0.1ms)[0m  SELECT 1 FROM "users" WHERE ("users"."name" = 'Blake Elias') AND ("users".id <> 1) LIMIT 1
  [1m[36mSQL (0.1ms)[0m  [1mSELECT 1 FROM "users" WHERE (LOWER("users"."email_address") = LOWER('blakeelias@gmail.com')) AND ("users".id <> 1) LIMIT 1[0m
Redirected to http://10.69.11.251:3001
Completed 302 Found in 15ms


Started GET "/" for 10.69.11.251 at Sat Jun 23 12:20:23 -0400 2012
  [1m[35mSQL (0.4ms)[0m   SELECT name
 FROM sqlite_master
 WHERE type = 'table' AND NOT name = 'sqlite_sequence'
  Processing by FrontController#index as HTML
  [1m[36mUser Load (0.2ms)[0m  [1mSELECT "users".* FROM "users" LIMIT 30[0m
  [1m[35mSQL (0.2ms)[0m  SELECT COUNT(*) FROM "users"
Rendered front/index.dryml (202.3ms)
Completed 200 OK in 206ms (Views: 203.5ms | ActiveRecord: 1.5ms)


Started GET "/login" for 10.69.11.251 at Sat Jun 23 12:20:25 -0400 2012
  [1m[36mSQL (0.4ms)[0m  [1m SELECT name
 FROM sqlite_master
 WHERE type = 'table' AND NOT name = 'sqlite_sequence'
[0m
  Processing by UsersController#login as HTML
Rendered controller: users; dryml-tag: login-page (25.6ms)
Completed 200 OK in 222ms (Views: 147.5ms | ActiveRecord: 0.4ms)


Started GET "/login" for 10.69.10.220 at Sat Jun 23 12:21:03 -0400 2012
  [1m[35mSQL (0.3ms)[0m   SELECT name
 FROM sqlite_master
 WHERE type = 'table' AND NOT name = 'sqlite_sequence'
  Processing by UsersController#login as HTML
Rendered controller: users; dryml-tag: login-page (85.4ms)
Completed 200 OK in 197ms (Views: 193.8ms | ActiveRecord: 0.3ms)


Started POST "/login" for 10.69.10.220 at Sat Jun 23 12:21:11 -0400 2012
  [1m[36mSQL (0.3ms)[0m  [1m SELECT name
 FROM sqlite_master
 WHERE type = 'table' AND NOT name = 'sqlite_sequence'
[0m
  Processing by UsersController#login as HTML
  Parameters: {"remember_me"=>"on", "login"=>"blakeelias@gmail.com", "authenticity_token"=>"+qFZngLcHmqFaW8cm8ZFbDZsik4XoXxZPIJLKAZgvA0=", "password"=>"[FILTERED]", "page_path"=>"/login"}
  [1m[35mUser Load (0.2ms)[0m  SELECT "users".* FROM "users" WHERE (email_address = 'blakeelias@gmail.com') LIMIT 1
Rendered controller: users; dryml-tag: login-page (84.8ms)
Completed 200 OK in 197ms (Views: 184.7ms | ActiveRecord: 0.6ms)


Started POST "/login" for 10.69.10.220 at Sat Jun 23 12:21:18 -0400 2012
  [1m[36mSQL (0.4ms)[0m  [1m SELECT name
 FROM sqlite_master
 WHERE type = 'table' AND NOT name = 'sqlite_sequence'
[0m
  Processing by UsersController#login as HTML
  Parameters: {"remember_me"=>"on", "login"=>"blakeelias@gmail.com", "authenticity_token"=>"+qFZngLcHmqFaW8cm8ZFbDZsik4XoXxZPIJLKAZgvA0=", "password"=>"[FILTERED]", "page_path"=>"/login"}
  [1m[35mUser Load (0.2ms)[0m  SELECT "users".* FROM "users" WHERE (email_address = 'blakeelias@gmail.com') LIMIT 1
  [1m[36mAREL (0.3ms)[0m  [1mUPDATE "users" SET "updated_at" = '2012-06-23 16:21:18.841615', "remember_token" = 'f329a52ccd85bb3973c72c8a3014c3cb0a2794c2', "remember_token_expires_at" = '2012-07-07 16:21:18.840881' WHERE "users"."id" = 1[0m
Redirected to http://10.69.11.251:3001
Completed 302 Found in 18ms


Started GET "/" for 10.69.10.220 at Sat Jun 23 12:21:18 -0400 2012
  [1m[35mSQL (0.3ms)[0m   SELECT name
 FROM sqlite_master
 WHERE type = 'table' AND NOT name = 'sqlite_sequence'
  Processing by FrontController#index as HTML
  [1m[36mUser Load (0.2ms)[0m  [1mSELECT "users".* FROM "users" WHERE "users"."id" = 1 LIMIT 1[0m
  [1m[35mUser Load (0.2ms)[0m  SELECT "users".* FROM "users" LIMIT 30
  [1m[36mSQL (0.2ms)[0m  [1mSELECT COUNT(*) FROM "users"[0m
Rendered front/index.dryml (126.6ms)
Completed 200 OK in 130ms (Views: 127.8ms | ActiveRecord: 1.8ms)


Started GET "/users/1-blake-elias/account" for 10.69.10.220 at Sat Jun 23 12:21:28 -0400 2012
  [1m[35mSQL (0.3ms)[0m   SELECT name
 FROM sqlite_master
 WHERE type = 'table' AND NOT name = 'sqlite_sequence'
  Processing by UsersController#account as HTML
  Parameters: {"id"=>"1-blake-elias"}
  [1m[36mUser Load (0.2ms)[0m  [1mSELECT "users".* FROM "users" WHERE "users"."id" = 1 LIMIT 1[0m
  [1m[35mCACHE (0.0ms)[0m  SELECT "users".* FROM "users" WHERE "users"."id" = 1 LIMIT 1
  [1m[36mUser Load (0.2ms)[0m  [1mSELECT "users".* FROM "users" LIMIT 30[0m
Rendered controller: users; dryml-tag: account-page (115.7ms)
Completed 200 OK in 232ms (Views: 217.2ms | ActiveRecord: 0.8ms)
DEPRECATION WARNING: config.action_view.debug_rjs will be removed in 3.1, from 3.1 onwards you will need to install prototype-rails to continue to use RJS templates . (called from /Users/blake/schedula/app/controllers/application_controller.rb:1)
  [1m[36mSQL (0.4ms)[0m  [1m SELECT name
 FROM sqlite_master
 WHERE type = 'table' AND NOT name = 'sqlite_sequence'
[0m
DEPRECATION WARNING: config.action_view.debug_rjs will be removed in 3.1, from 3.1 onwards you will need to install prototype-rails to continue to use RJS templates . (called from /Users/blake/schedula/app/controllers/application_controller.rb:1)
  [1m[36mSQL (0.4ms)[0m  [1m SELECT name
 FROM sqlite_master
 WHERE type = 'table' AND NOT name = 'sqlite_sequence'
[0m
  [1m[35mSQL (0.2ms)[0m   SELECT name
 FROM sqlite_master
 WHERE type = 'table' AND NOT name = 'sqlite_sequence'
  [1m[36mSQL (0.2ms)[0m  [1m SELECT name
 FROM sqlite_master
 WHERE type = 'table' AND NOT name = 'sqlite_sequence'
[0m
  [1m[35mSQL (0.1ms)[0m   SELECT name
 FROM sqlite_master
 WHERE type = 'table' AND NOT name = 'sqlite_sequence'
  [1m[36mSQL (0.1ms)[0m  [1mSELECT "schema_migrations"."version" FROM "schema_migrations"[0m
  [1m[35mSQL (0.2ms)[0m   SELECT name
 FROM sqlite_master
 WHERE type = 'table' AND NOT name = 'sqlite_sequence'
  [1m[36mSQL (0.1ms)[0m  [1mselect sqlite_version(*)[0m
  [1m[35mSQL (0.1ms)[0m  PRAGMA index_list("users")
  [1m[36mSQL (0.0ms)[0m  [1mPRAGMA index_info('index_users_on_state')[0m
DEPRECATION WARNING: config.action_view.debug_rjs will be removed in 3.1, from 3.1 onwards you will need to install prototype-rails to continue to use RJS templates . (called from /Users/blake/schedula/app/controllers/application_controller.rb:1)
  [1m[36mSQL (0.4ms)[0m  [1m SELECT name
 FROM sqlite_master
 WHERE type = 'table' AND NOT name = 'sqlite_sequence'
[0m
  [1m[35mSQL (0.2ms)[0m   SELECT name
 FROM sqlite_master
 WHERE type = 'table' AND NOT name = 'sqlite_sequence'
  [1m[36mSQL (0.2ms)[0m  [1m SELECT name
 FROM sqlite_master
 WHERE type = 'table' AND NOT name = 'sqlite_sequence'
[0m
  [1m[35mSQL (0.1ms)[0m   SELECT name
 FROM sqlite_master
 WHERE type = 'table' AND NOT name = 'sqlite_sequence'
  [1m[36mSQL (0.1ms)[0m  [1mSELECT "schema_migrations"."version" FROM "schema_migrations"[0m
Migrating to InitialMigration (20120623022419)
Migrating to HoboMigration1 (20120623165113)
  [1m[35mSQL (0.1ms)[0m  select sqlite_version(*)
  [1m[36mSQL (0.5ms)[0m  [1mCREATE TABLE "timelines" ("id" INTEGER PRIMARY KEY AUTOINCREMENT NOT NULL, "name" varchar(255), "created_at" datetime, "updated_at" datetime) [0m
  [1m[35mSQL (0.1ms)[0m  INSERT INTO "schema_migrations" ("version") VALUES ('20120623165113')
  [1m[36mSQL (0.1ms)[0m  [1mselect sqlite_version(*)[0m
  [1m[35mSQL (0.3ms)[0m   SELECT name
 FROM sqlite_master
 WHERE type = 'table' AND NOT name = 'sqlite_sequence'
  [1m[36mSQL (0.2ms)[0m  [1mSELECT "schema_migrations"."version" FROM "schema_migrations"[0m
  [1m[35mSQL (0.2ms)[0m   SELECT name
 FROM sqlite_master
 WHERE type = 'table' AND NOT name = 'sqlite_sequence'
  [1m[36mSQL (0.0ms)[0m  [1mPRAGMA index_list("timelines")[0m
  [1m[35mSQL (0.1ms)[0m  PRAGMA index_list("users")
  [1m[36mSQL (0.1ms)[0m  [1mPRAGMA index_info('index_users_on_state')[0m
